<?xml version='1.0' encoding='UTF-8'?>
<testsuite hostname="Victorias-MacBook-Pro-4.local" name="sutd.compiler.simp.TestParser" tests="8" errors="0" failures="0" skipped="0" time="0.178" timestamp="2023-11-24T15:04:39">
          <properties>
      <property name="java.specification.version" value="17"/><property name="sun.jnu.encoding" value="UTF-8"/><property name="sun.arch.data.model" value="64"/><property name="java.vendor.url" value="https://java.oracle.com/"/><property name="sun.boot.library.path" value="/Library/Java/JavaVirtualMachines/jdk-17.0.4.1.jdk/Contents/Home/lib"/><property name="sun.java.command" value="/Users/victoriachong/Library/Caches/Coursier/arc/https/github.com/sbt/sbt/releases/download/v1.9.4/sbt-1.9.4.zip/sbt/bin/sbt-launch.jar test TestTypeInf"/><property name="jdk.debug" value="release"/><property name="sun.stderr.encoding" value="UTF-8"/><property name="java.specification.vendor" value="Oracle Corporation"/><property name="java.version.date" value="2022-08-18"/><property name="java.home" value="/Library/Java/JavaVirtualMachines/jdk-17.0.4.1.jdk/Contents/Home"/><property name="file.separator" value="/"/><property name="java.vm.compressedOopsMode" value="Zero based"/><property name="line.separator" value="
"/><property name="sun.stdout.encoding" value="UTF-8"/><property name="java.vm.specification.vendor" value="Oracle Corporation"/><property name="java.specification.name" value="Java Platform API Specification"/><property name="sun.management.compiler" value="HotSpot 64-Bit Tiered Compilers"/><property name="java.runtime.version" value="17.0.4.1+1-LTS-2"/><property name="user.name" value="victoriachong"/><property name="log4j.ignoreTCL" value="true"/><property name="file.encoding" value="UTF-8"/><property name="java.io.tmpdir" value="/var/folders/5r/z89n2svn00772wsrn10ngdl00000gn/T/"/><property name="java.version" value="17.0.4.1"/><property name="java.vm.specification.name" value="Java Virtual Machine Specification"/><property name="native.encoding" value="UTF-8"/><property name="java.library.path" value="/Users/victoriachong/Library/Java/Extensions:/Library/Java/Extensions:/Network/Library/Java/Extensions:/System/Library/Java/Extensions:/usr/lib/java:."/><property name="java.vendor" value="Oracle Corporation"/><property name="scala.ext.dirs" value="/Users/victoriachong/.sbt/1.0/java9-rt-ext-oracle_corporation_17_0_4_1"/><property name="sun.io.unicode.encoding" value="UnicodeBig"/><property name="java.class.path" value="/Users/victoriachong/Library/Caches/Coursier/arc/https/github.com/sbt/sbt/releases/download/v1.9.4/sbt-1.9.4.zip/sbt/bin/sbt-launch.jar"/><property name="java.vm.vendor" value="Oracle Corporation"/><property name="jline.shutdownhook" value="false"/><property name="user.timezone" value="Asia/Singapore"/><property name="java.vm.specification.version" value="17"/><property name="os.name" value="Mac OS X"/><property name="sun.java.launcher" value="SUN_STANDARD"/><property name="user.country" value="SG"/><property name="sun.cpu.endian" value="little"/><property name="user.home" value="/Users/victoriachong"/><property name="user.language" value="en"/><property name="sbt.script" value="/Users/victoriachong/Library/Caches/Coursier/arc/https/github.com/sbt/sbt/releases/download/v1.9.4/sbt-1.9.4.zip/sbt/bin/sbt"/><property name="sbt.ipcsocket.tmpdir" value="/var/folders/5r/z89n2svn00772wsrn10ngdl00000gn/T/.sbt5100a124/ipcsocket"/><property name="swoval.tmpdir" value="/var/folders/5r/z89n2svn00772wsrn10ngdl00000gn/T/.sbt5100a124/swoval"/><property name="jline.esc.timeout" value="0"/><property name="path.separator" value=":"/><property name="os.version" value="12.5.1"/><property name="jna.nosys" value="true"/><property name="java.runtime.name" value="Java(TM) SE Runtime Environment"/><property name="java.vm.name" value="Java HotSpot(TM) 64-Bit Server VM"/><property name="java.vendor.url.bug" value="https://bugreport.java.com/bugreport/"/><property name="user.dir" value="/Users/victoriachong/Documents/SUTD/TERM 7/50.054 Compiler Design and Program Analysis/50054-compiler-design-and-program-analysis-project/simp"/><property name="os.arch" value="aarch64"/><property name="java.vm.info" value="mixed mode, sharing"/><property name="java.vm.version" value="17.0.4.1+1-LTS-2"/><property name="java.class.version" value="61.0"/>
    </properties>
          <testcase classname="sutd.compiler.simp.TestParser" name="test p_spaces: parsing 0 spaces" time="0.094">
                      
                    </testcase><testcase classname="sutd.compiler.simp.TestParser" name="test p_spaces: parsing 3 spaces" time="0.003">
                      
                    </testcase><testcase classname="sutd.compiler.simp.TestParser" name="test p_spaces: parsing 3 tabs" time="0.0">
                      
                    </testcase><testcase classname="sutd.compiler.simp.TestParser" name="test p_spaces: should not parse id" time="0.001">
                      
                    </testcase><testcase classname="sutd.compiler.simp.TestParser" name="test p_exp: parsing x + 1" time="0.04">
                      
                    </testcase><testcase classname="sutd.compiler.simp.TestParser" name="test p_exp: parsing x - (1 + (y * 2))" time="0.006">
                      
                    </testcase><testcase classname="sutd.compiler.simp.TestParser" name="test parser: parsing y = 1; x = x + 1;" time="0.016">
                      
                    </testcase><testcase classname="sutd.compiler.simp.TestParser" name="test parser: parsing 
x = input;
s = 0;
c = 0;
while c &lt; x {
    s = c + s;
    c = c + 1;
}
return s;" time="0.018">
                      
                    </testcase>
          <system-out><![CDATA[]]></system-out>
          <system-err><![CDATA[]]></system-err>
        </testsuite>